<?xml version="1.0" encoding="UTF-8"?>
<!-- Generated by org.testng.reporters.JUnitXMLReporter -->
<testsuite ignored="2" hostname="Sajid" failures="0" tests="1" name="Default test" time="8.374" errors="0" timestamp="2024-01-25T21:22:38 BDT">
  <testcase classname="first.com.WebAutomationBasic.GetNavigate" name="testBrowserWindowHandle" time="8.32"/>
  <testcase classname="first.com.WebAutomationBasic.GetNavigate" name="testgetNav" time="0.0">
    <ignored/>
  </testcase> <!-- testgetNav -->
  <testcase classname="first.com.WebAutomationBasic.GetNavigate" name="testBrowserWindow" time="0.0">
    <ignored/>
  </testcase> <!-- testBrowserWindow -->
</testsuite> <!-- Default test -->
