<?xml version="1.0" encoding="UTF-8"?>
<!-- Generated by org.testng.reporters.JUnitXMLReporter -->
<testsuite ignored="1" hostname="Sajid" failures="0" tests="1" name="Default test" time="3.555" errors="0" timestamp="2024-01-22T23:58:48 BDT">
  <testcase classname="first.com.WebAutomationBasic.OpenAWebPage" name="openGoogle" time="3.49"/>
  <testcase classname="first.com.WebAutomationBasic.OpenAWebPage" name="openAPage" time="0.0">
    <ignored/>
  </testcase> <!-- openAPage -->
</testsuite> <!-- Default test -->
