<?xml version="1.0" encoding="UTF-8"?>
<testng-results ignored="0" total="2" passed="2" failed="0" skipped="0">
  <reporter-output>
  </reporter-output>
  <suite started-at="2024-01-24T22:16:38 BDT" name="Default suite" finished-at="2024-01-24T22:16:38 BDT" duration-ms="78">
    <groups>
    </groups>
    <test started-at="2024-01-24T22:16:38 BDT" name="Default test" finished-at="2024-01-24T22:16:38 BDT" duration-ms="78">
      <class name="first.com.WebAutomationBasic.ExampleTestNG">
        <test-method is-config="true" signature="beforeSuite()[pri:0, instance:first.com.WebAutomationBasic.ExampleTestNG@6fdbe764]" started-at="2024-01-24T22:16:38 BDT" name="beforeSuite" finished-at="2024-01-24T22:16:38 BDT" duration-ms="13" status="PASS">
          <reporter-output>
          </reporter-output>
        </test-method> <!-- beforeSuite -->
        <test-method is-config="true" signature="beforeTest()[pri:0, instance:first.com.WebAutomationBasic.ExampleTestNG@6fdbe764]" started-at="2024-01-24T22:16:38 BDT" name="beforeTest" finished-at="2024-01-24T22:16:38 BDT" duration-ms="4" status="PASS">
          <reporter-output>
          </reporter-output>
        </test-method> <!-- beforeTest -->
        <test-method is-config="true" signature="beforeClass()[pri:0, instance:first.com.WebAutomationBasic.ExampleTestNG@6fdbe764]" started-at="2024-01-24T22:16:38 BDT" name="beforeClass" finished-at="2024-01-24T22:16:38 BDT" duration-ms="1" status="PASS">
          <reporter-output>
          </reporter-output>
        </test-method> <!-- beforeClass -->
        <test-method is-config="true" signature="beforeMethod()[pri:0, instance:first.com.WebAutomationBasic.ExampleTestNG@6fdbe764]" started-at="2024-01-24T22:16:38 BDT" name="beforeMethod" finished-at="2024-01-24T22:16:38 BDT" duration-ms="0" status="PASS">
          <reporter-output>
          </reporter-output>
        </test-method> <!-- beforeMethod -->
        <test-method signature="testCase2()[pri:0, instance:first.com.WebAutomationBasic.ExampleTestNG@6fdbe764]" started-at="2024-01-24T22:16:38 BDT" name="testCase2" finished-at="2024-01-24T22:16:38 BDT" duration-ms="10" status="PASS">
          <reporter-output>
          </reporter-output>
        </test-method> <!-- testCase2 -->
        <test-method is-config="true" signature="afterMethod()[pri:0, instance:first.com.WebAutomationBasic.ExampleTestNG@6fdbe764]" started-at="2024-01-24T22:16:38 BDT" name="afterMethod" finished-at="2024-01-24T22:16:38 BDT" duration-ms="1" status="PASS">
          <reporter-output>
          </reporter-output>
        </test-method> <!-- afterMethod -->
        <test-method is-config="true" signature="beforeMethod()[pri:0, instance:first.com.WebAutomationBasic.ExampleTestNG@6fdbe764]" started-at="2024-01-24T22:16:38 BDT" name="beforeMethod" finished-at="2024-01-24T22:16:38 BDT" duration-ms="0" status="PASS">
          <reporter-output>
          </reporter-output>
        </test-method> <!-- beforeMethod -->
        <test-method signature="testCase1()[pri:1, instance:first.com.WebAutomationBasic.ExampleTestNG@6fdbe764]" started-at="2024-01-24T22:16:38 BDT" name="testCase1" finished-at="2024-01-24T22:16:38 BDT" duration-ms="9" status="PASS">
          <reporter-output>
          </reporter-output>
        </test-method> <!-- testCase1 -->
        <test-method is-config="true" signature="afterMethod()[pri:0, instance:first.com.WebAutomationBasic.ExampleTestNG@6fdbe764]" started-at="2024-01-24T22:16:38 BDT" name="afterMethod" finished-at="2024-01-24T22:16:38 BDT" duration-ms="0" status="PASS">
          <reporter-output>
          </reporter-output>
        </test-method> <!-- afterMethod -->
        <test-method is-config="true" signature="afterClass()[pri:0, instance:first.com.WebAutomationBasic.ExampleTestNG@6fdbe764]" started-at="2024-01-24T22:16:38 BDT" name="afterClass" finished-at="2024-01-24T22:16:38 BDT" duration-ms="0" status="PASS">
          <reporter-output>
          </reporter-output>
        </test-method> <!-- afterClass -->
        <test-method is-config="true" signature="afterTest()[pri:0, instance:first.com.WebAutomationBasic.ExampleTestNG@6fdbe764]" started-at="2024-01-24T22:16:38 BDT" name="afterTest" finished-at="2024-01-24T22:16:38 BDT" duration-ms="1" status="PASS">
          <reporter-output>
          </reporter-output>
        </test-method> <!-- afterTest -->
        <test-method is-config="true" signature="afterSuite()[pri:0, instance:first.com.WebAutomationBasic.ExampleTestNG@6fdbe764]" started-at="2024-01-24T22:16:38 BDT" name="afterSuite" finished-at="2024-01-24T22:16:38 BDT" duration-ms="1" status="PASS">
          <reporter-output>
          </reporter-output>
        </test-method> <!-- afterSuite -->
      </class> <!-- first.com.WebAutomationBasic.ExampleTestNG -->
    </test> <!-- Default test -->
  </suite> <!-- Default suite -->
</testng-results>
