<?xml version="1.0" encoding="UTF-8"?>
<testng-results ignored="0" total="1" passed="1" failed="0" skipped="0">
  <reporter-output>
  </reporter-output>
  <suite started-at="2024-01-25T23:17:50 BDT" name="Default suite" finished-at="2024-01-25T23:18:25 BDT" duration-ms="34588">
    <groups>
    </groups>
    <test started-at="2024-01-25T23:17:50 BDT" name="Default test" finished-at="2024-01-25T23:18:25 BDT" duration-ms="34588">
      <class name="first.com.WebAutomationBasic.TestHoverAction">
        <test-method is-config="true" signature="openAbrowser()[pri:0, instance:first.com.WebAutomationBasic.TestHoverAction@130c12b7]" started-at="2024-01-25T23:17:48 BDT" name="openAbrowser" finished-at="2024-01-25T23:17:50 BDT" duration-ms="1817" status="PASS">
          <reporter-output>
          </reporter-output>
        </test-method> <!-- openAbrowser -->
        <test-method signature="testHover()[pri:0, instance:first.com.WebAutomationBasic.TestHoverAction@130c12b7]" started-at="2024-01-25T23:17:50 BDT" name="testHover" finished-at="2024-01-25T23:18:25 BDT" duration-ms="34541" status="PASS">
          <reporter-output>
          </reporter-output>
        </test-method> <!-- testHover -->
        <test-method is-config="true" signature="quitBrowser()[pri:0, instance:first.com.WebAutomationBasic.TestHoverAction@130c12b7]" started-at="2024-01-25T23:18:25 BDT" name="quitBrowser" finished-at="2024-01-25T23:18:25 BDT" duration-ms="174" status="PASS">
          <reporter-output>
          </reporter-output>
        </test-method> <!-- quitBrowser -->
      </class> <!-- first.com.WebAutomationBasic.TestHoverAction -->
    </test> <!-- Default test -->
  </suite> <!-- Default suite -->
</testng-results>
